<?xml version="1.0" encoding="UTF-8"?>
<!-- Generated by org.testng.reporters.JUnitXMLReporter -->
<testsuite hostname="D8-MHarsh-LT" name="Default test" tests="1" failures="0" timestamp="12 Feb 2015 18:47:03 GMT" time="0.752" errors="0">
  <testcase name="@BeforeTest setUpTest" time="0.0" classname="com.rp.pw.test.data.setup.OS_Startup">
    <failure type="org.testng.TestNGException" message="
Parameter &amp;apos;browsername&amp;apos; is required by @Configuration on method setUpTest but has not been marked @Optional or defined
in C:\Users\mharsh\AppData\Local\Temp\testng-eclipse-1071664667\testng-customsuite.xml">
      <![CDATA[org.testng.TestNGException: 
Parameter 'browsername' is required by @Configuration on method setUpTest but has not been marked @Optional or defined
in C:\Users\mharsh\AppData\Local\Temp\testng-eclipse-1071664667\testng-customsuite.xml
	at org.testng.internal.Parameters.createParameters(Parameters.java:155)
	at org.testng.internal.Parameters.createParameters(Parameters.java:358)
	at org.testng.internal.Parameters.createConfigurationParameters(Parameters.java:86)
	at org.testng.internal.Invoker.invokeConfigurations(Invoker.java:199)
	at org.testng.internal.Invoker.invokeConfigurations(Invoker.java:138)
	at org.testng.TestRunner.beforeRun(TestRunner.java:641)
	at org.testng.TestRunner.run(TestRunner.java:609)
	at org.testng.SuiteRunner.runTest(SuiteRunner.java:334)
	at org.testng.SuiteRunner.runSequentially(SuiteRunner.java:329)
	at org.testng.SuiteRunner.privateRun(SuiteRunner.java:291)
	at org.testng.SuiteRunner.run(SuiteRunner.java:240)
	at org.testng.SuiteRunnerWorker.runSuite(SuiteRunnerWorker.java:52)
	at org.testng.SuiteRunnerWorker.run(SuiteRunnerWorker.java:86)
	at org.testng.TestNG.runSuitesSequentially(TestNG.java:1224)
	at org.testng.TestNG.runSuitesLocally(TestNG.java:1149)
	at org.testng.TestNG.run(TestNG.java:1057)
	at org.testng.remote.RemoteTestNG.run(RemoteTestNG.java:111)
	at org.testng.remote.RemoteTestNG.initAndRun(RemoteTestNG.java:204)
	at org.testng.remote.RemoteTestNG.main(RemoteTestNG.java:175)
]]>
    </failure>
  </testcase> <!-- @BeforeTest setUpTest -->
  <testcase name="@BeforeClass indexDescription" time="0.0" classname="com.rp.pw.test.data.setup.OS_Startup">
    <skipped/>
  </testcase> <!-- @BeforeClass indexDescription -->
  <testcase name="@BeforeMethod setUp" time="0.0" classname="com.rp.pw.test.data.setup.OS_Startup">
    <skipped/>
  </testcase> <!-- @BeforeMethod setUp -->
  <testcase name="startup" time="0.0" classname="com.rp.pw.test.data.setup.OS_Startup">
    <skipped/>
  </testcase> <!-- startup -->
</testsuite> <!-- Default test -->
