<?xml version="1.0" encoding="UTF-8"?>
<!-- Generated by org.testng.reporters.JUnitXMLReporter -->
<testsuite hostname="RPIPL2-DT-DV016" name="com.rp.pw.test.cases" tests="1" failures="0" timestamp="9 Apr 2015 10:52:00 GMT" time="1.336" errors="0">
  <testcase name="@BeforeTest setUpTest" time="0.0" classname="com.rp.pw.test.cases.PWTC1">
    <failure type="org.testng.TestNGException" message="
Parameter &amp;apos;browsername&amp;apos; is required by @Configuration on method setUpTest but has not been marked @Optional or defined
in C:\Users\gkoppuravuri\AppData\Local\Temp\testng-eclipse--1834275558\testng-customsuite.xml">
      <![CDATA[org.testng.TestNGException: 
Parameter 'browsername' is required by @Configuration on method setUpTest but has not been marked @Optional or defined
in C:\Users\gkoppuravuri\AppData\Local\Temp\testng-eclipse--1834275558\testng-customsuite.xml
	at org.testng.internal.Parameters.createParameters(Parameters.java:155)
	at org.testng.internal.Parameters.createParameters(Parameters.java:358)
	at org.testng.internal.Parameters.createConfigurationParameters(Parameters.java:86)
	at org.testng.internal.Invoker.invokeConfigurations(Invoker.java:199)
	at org.testng.internal.Invoker.invokeConfigurations(Invoker.java:138)
	at org.testng.TestRunner.beforeRun(TestRunner.java:641)
	at org.testng.TestRunner.run(TestRunner.java:609)
	at org.testng.SuiteRunner.runTest(SuiteRunner.java:334)
	at org.testng.SuiteRunner.runSequentially(SuiteRunner.java:329)
	at org.testng.SuiteRunner.privateRun(SuiteRunner.java:291)
	at org.testng.SuiteRunner.run(SuiteRunner.java:240)
	at org.testng.SuiteRunnerWorker.runSuite(SuiteRunnerWorker.java:52)
	at org.testng.SuiteRunnerWorker.run(SuiteRunnerWorker.java:86)
	at org.testng.TestNG.runSuitesSequentially(TestNG.java:1224)
	at org.testng.TestNG.runSuitesLocally(TestNG.java:1149)
	at org.testng.TestNG.run(TestNG.java:1057)
	at org.testng.remote.RemoteTestNG.run(RemoteTestNG.java:111)
	at org.testng.remote.RemoteTestNG.initAndRun(RemoteTestNG.java:204)
	at org.testng.remote.RemoteTestNG.main(RemoteTestNG.java:175)
]]>
    </failure>
  </testcase> <!-- @BeforeTest setUpTest -->
  <testcase name="@BeforeClass indexDescription" time="0.0" classname="com.rp.pw.test.cases.PWTC1">
    <skipped/>
  </testcase> <!-- @BeforeClass indexDescription -->
  <testcase name="@BeforeMethod setUp" time="0.0" classname="com.rp.pw.test.cases.PWTC1">
    <skipped/>
  </testcase> <!-- @BeforeMethod setUp -->
  <testcase name="pwTestScenario1" time="0.005" classname="com.rp.pw.test.cases.PWTC1">
    <skipped/>
  </testcase> <!-- pwTestScenario1 -->
</testsuite> <!-- com.rp.pw.test.cases -->
